<?xml version="1.0" encoding="UTF-8"?>
<testng-results ignored="0" total="6" passed="5" failed="1" skipped="0">
  <reporter-output>
  </reporter-output>
  <suite started-at="2023-02-21T16:45:54 EST" name="Default suite" finished-at="2023-02-21T16:47:42 EST" duration-ms="108233">
    <groups>
    </groups>
    <test started-at="2023-02-21T16:45:54 EST" name="Default test" finished-at="2023-02-21T16:47:42 EST" duration-ms="108233">
      <class name="testcases.AddProducts">
        <test-method is-config="true" signature="beforeTest()[pri:0, instance:testcases.AddProducts@33bc72d1]" started-at="2023-02-21T16:45:54 EST" name="beforeTest" finished-at="2023-02-21T16:46:29 EST" duration-ms="34845" status="PASS">
          <reporter-output>
          </reporter-output>
        </test-method> <!-- beforeTest -->
        <test-method signature="Tc_addproduct()[pri:9, instance:testcases.AddProducts@33bc72d1]" started-at="2023-02-21T16:46:29 EST" name="Tc_addproduct" finished-at="2023-02-21T16:47:05 EST" duration-ms="36609" status="PASS">
          <reporter-output>
          </reporter-output>
        </test-method> <!-- Tc_addproduct -->
        <test-method signature="Tc_productname()[pri:10, instance:testcases.AddProducts@33bc72d1]" started-at="2023-02-21T16:47:05 EST" name="Tc_productname" finished-at="2023-02-21T16:47:08 EST" duration-ms="2720" status="PASS">
          <reporter-output>
          </reporter-output>
        </test-method> <!-- Tc_productname -->
        <test-method signature="Tc_units()[pri:11, instance:testcases.AddProducts@33bc72d1]" started-at="2023-02-21T16:47:08 EST" name="Tc_units" finished-at="2023-02-21T16:47:24 EST" duration-ms="15711" status="PASS">
          <reporter-output>
          </reporter-output>
        </test-method> <!-- Tc_units -->
        <test-method signature="Tc_barcode()[pri:12, instance:testcases.AddProducts@33bc72d1]" started-at="2023-02-21T16:47:24 EST" name="Tc_barcode" finished-at="2023-02-21T16:47:28 EST" duration-ms="3818" status="PASS">
          <reporter-output>
          </reporter-output>
        </test-method> <!-- Tc_barcode -->
        <test-method signature="Tc_alertquantity()[pri:13, instance:testcases.AddProducts@33bc72d1]" started-at="2023-02-21T16:47:28 EST" name="Tc_alertquantity" finished-at="2023-02-21T16:47:29 EST" duration-ms="1387" status="PASS">
          <reporter-output>
          </reporter-output>
        </test-method> <!-- Tc_alertquantity -->
        <test-method signature="Tc_DefautPurchasePrice()[pri:14, instance:testcases.AddProducts@33bc72d1]" started-at="2023-02-21T16:47:29 EST" name="Tc_DefautPurchasePrice" finished-at="2023-02-21T16:47:32 EST" duration-ms="3368" status="FAIL">
          <exception class="org.openqa.selenium.support.ui.UnexpectedTagNameException">
            <message>
              <![CDATA[Element should have been "select" but was "span"
Build info: version: '4.7.2', revision: '4d4020c3b7'
System info: os.name: 'Windows 10', os.arch: 'amd64', os.version: '10.0', java.version: '17.0.4.1'
Driver info: driver.version: unknown]]>
            </message>
            <full-stacktrace>
              <![CDATA[org.openqa.selenium.support.ui.UnexpectedTagNameException: Element should have been "select" but was "span"
Build info: version: '4.7.2', revision: '4d4020c3b7'
System info: os.name: 'Windows 10', os.arch: 'amd64', os.version: '10.0', java.version: '17.0.4.1'
Driver info: driver.version: unknown
at org.openqa.selenium.support.ui.Select.<init>(Select.java:49)
at utilities.Action.dropDown(Action.java:53)
at testcases.AddProducts.Tc_DefautPurchasePrice(AddProducts.java:139)
at java.base/jdk.internal.reflect.NativeMethodAccessorImpl.invoke0(Native Method)
at java.base/jdk.internal.reflect.NativeMethodAccessorImpl.invoke(NativeMethodAccessorImpl.java:77)
at java.base/jdk.internal.reflect.DelegatingMethodAccessorImpl.invoke(DelegatingMethodAccessorImpl.java:43)
at java.base/java.lang.reflect.Method.invoke(Method.java:568)
at org.testng.internal.MethodInvocationHelper.invokeMethod(MethodInvocationHelper.java:133)
at org.testng.internal.TestInvoker.invokeMethod(TestInvoker.java:598)
at org.testng.internal.TestInvoker.invokeTestMethod(TestInvoker.java:173)
at org.testng.internal.MethodRunner.runInSequence(MethodRunner.java:46)
at org.testng.internal.TestInvoker$MethodInvocationAgent.invoke(TestInvoker.java:824)
at org.testng.internal.TestInvoker.invokeTestMethods(TestInvoker.java:146)
at org.testng.internal.TestMethodWorker.invokeTestMethods(TestMethodWorker.java:146)
at org.testng.internal.TestMethodWorker.run(TestMethodWorker.java:128)
at java.base/java.util.ArrayList.forEach(ArrayList.java:1511)
at org.testng.TestRunner.privateRun(TestRunner.java:794)
at org.testng.TestRunner.run(TestRunner.java:596)
at org.testng.SuiteRunner.runTest(SuiteRunner.java:377)
at org.testng.SuiteRunner.runSequentially(SuiteRunner.java:371)
at org.testng.SuiteRunner.privateRun(SuiteRunner.java:332)
at org.testng.SuiteRunner.run(SuiteRunner.java:276)
at org.testng.SuiteRunnerWorker.runSuite(SuiteRunnerWorker.java:53)
at org.testng.SuiteRunnerWorker.run(SuiteRunnerWorker.java:96)
at org.testng.TestNG.runSuitesSequentially(TestNG.java:1212)
at org.testng.TestNG.runSuitesLocally(TestNG.java:1134)
at org.testng.TestNG.runSuites(TestNG.java:1063)
at org.testng.TestNG.run(TestNG.java:1031)
at org.testng.remote.AbstractRemoteTestNG.run(AbstractRemoteTestNG.java:115)
at org.testng.remote.RemoteTestNG.initAndRun(RemoteTestNG.java:251)
at org.testng.remote.RemoteTestNG.main(RemoteTestNG.java:77)
]]>
            </full-stacktrace>
          </exception> <!-- org.openqa.selenium.support.ui.UnexpectedTagNameException -->
          <reporter-output>
          </reporter-output>
        </test-method> <!-- Tc_DefautPurchasePrice -->
        <test-method is-config="true" signature="afterTest()[pri:0, instance:testcases.AddProducts@33bc72d1]" started-at="2023-02-21T16:47:32 EST" name="afterTest" finished-at="2023-02-21T16:47:42 EST" duration-ms="9670" status="PASS">
          <reporter-output>
          </reporter-output>
        </test-method> <!-- afterTest -->
      </class> <!-- testcases.AddProducts -->
    </test> <!-- Default test -->
  </suite> <!-- Default suite -->
</testng-results>
